# JRE version: Java(TM) SE Runtime Environment (21.0.6+8) (build 21.0.6+8-LTS-188)
# Java VM: Java HotSpot(TM) 64-Bit Server VM (21.0.6+8-LTS-188, mixed mode, emulated-client, sharing, tiered, compressed oops, compressed class ptrs, g1 gc, linux-amd64)
GC Precious Log:
 CardTable entry size: 512
 Card Set container configuration: InlinePtr #cards 4 size 8 Array Of Cards #cards 16 size 48 Howl #buckets 8 coarsen threshold 3686 Howl Bitmap #cards 512 size 80 coarsen threshold 460 Card regions per heap region 1 cards per card region 4096
 CPUs: 12 total, 12 available
 Memory: 15678M
 Large Page Support: Disabled
 NUMA Support: Disabled
 Compressed Oops: Enabled (Zero based)
 Heap Region Size: 2M
 Heap Min Capacity: 8M
 Heap Initial Capacity: 246M
 Heap Max Capacity: 3920M
 Pre-touch: Disabled
 Parallel Workers: 10
 Concurrent Workers: 3
 Concurrent Refinement Workers: 10
 Periodic GC: Disabled
Heap:
 garbage-first heap   total 75776K, used 56734K [0x000000070b000000, 0x0000000800000000)
  region size 2048K, 22 young (45056K), 3 survivors (6144K)
 Metaspace       used 50901K, committed 51520K, reserved 1114112K
  class space    used 6818K, committed 7104K, reserved 1048576K
GC Heap History (14 events):
Event: 0,219 GC heap before
{Heap before GC invocations=0 (full 0):
 garbage-first heap   total 253952K, used 21558K [0x000000070b000000, 0x0000000800000000)
  region size 2048K, 11 young (22528K), 0 survivors (0K)
 Metaspace       used 5152K, committed 5376K, reserved 1114112K
  class space    used 658K, committed 768K, reserved 1048576K
}
Event: 0,222 GC heap after
{Heap after GC invocations=1 (full 0):
 garbage-first heap   total 253952K, used 7302K [0x000000070b000000, 0x0000000800000000)
  region size 2048K, 2 young (4096K), 2 survivors (4096K)
 Metaspace       used 5152K, committed 5376K, reserved 1114112K
  class space    used 658K, committed 768K, reserved 1048576K
}
Event: 0,398 GC heap before
{Heap before GC invocations=1 (full 0):
 garbage-first heap   total 253952K, used 33926K [0x000000070b000000, 0x0000000800000000)
  region size 2048K, 16 young (32768K), 2 survivors (4096K)
 Metaspace       used 11888K, committed 12160K, reserved 1114112K
  class space    used 1545K, committed 1664K, reserved 1048576K
}
Event: 0,401 GC heap after
{Heap after GC invocations=2 (full 0):
 garbage-first heap   total 253952K, used 9533K [0x000000070b000000, 0x0000000800000000)
  region size 2048K, 2 young (4096K), 2 survivors (4096K)
 Metaspace       used 11888K, committed 12160K, reserved 1114112K
  class space    used 1545K, committed 1664K, reserved 1048576K
}
Event: 0,663 GC heap before
{Heap before GC invocations=2 (full 0):
 garbage-first heap   total 253952K, used 52541K [0x000000070b000000, 0x0000000800000000)
  region size 2048K, 25 young (51200K), 2 survivors (4096K)
 Metaspace       used 18762K, committed 19072K, reserved 1114112K
  class space    used 2482K, committed 2624K, reserved 1048576K
}
Event: 0,667 GC heap after
{Heap after GC invocations=3 (full 0):
 garbage-first heap   total 253952K, used 13496K [0x000000070b000000, 0x0000000800000000)
  region size 2048K, 4 young (8192K), 4 survivors (8192K)
 Metaspace       used 18762K, committed 19072K, reserved 1114112K
  class space    used 2482K, committed 2624K, reserved 1048576K
}
Event: 1,066 GC heap before
{Heap before GC invocations=4 (full 0):
 garbage-first heap   total 61440K, used 58552K [0x000000070b000000, 0x0000000800000000)
  region size 2048K, 26 young (53248K), 4 survivors (8192K)
 Metaspace       used 26927K, committed 27456K, reserved 1114112K
  class space    used 3557K, committed 3776K, reserved 1048576K
}
Event: 1,073 GC heap after
{Heap after GC invocations=5 (full 0):
 garbage-first heap   total 71680K, used 17423K [0x000000070b000000, 0x0000000800000000)
  region size 2048K, 5 young (10240K), 5 survivors (10240K)
 Metaspace       used 26927K, committed 27456K, reserved 1114112K
  class space    used 3557K, committed 3776K, reserved 1048576K
}
Event: 1,230 GC heap before
{Heap before GC invocations=5 (full 0):
 garbage-first heap   total 71680K, used 35855K [0x000000070b000000, 0x0000000800000000)
  region size 2048K, 15 young (30720K), 5 survivors (10240K)
 Metaspace       used 31381K, committed 31808K, reserved 1114112K
  class space    used 4100K, committed 4288K, reserved 1048576K
}
Event: 1,237 GC heap after
{Heap after GC invocations=6 (full 0):
 garbage-first heap   total 71680K, used 19316K [0x000000070b000000, 0x0000000800000000)
  region size 2048K, 1 young (2048K), 1 survivors (2048K)
 Metaspace       used 31381K, committed 31808K, reserved 1114112K
  class space    used 4100K, committed 4288K, reserved 1048576K
}
Event: 1,255 GC heap before
{Heap before GC invocations=6 (full 0):
 garbage-first heap   total 71680K, used 19316K [0x000000070b000000, 0x0000000800000000)
  region size 2048K, 2 young (4096K), 1 survivors (2048K)
 Metaspace       used 31688K, committed 32128K, reserved 1114112K
  class space    used 4150K, committed 4352K, reserved 1048576K
}
Event: 1,256 GC heap after
{Heap after GC invocations=7 (full 0):
 garbage-first heap   total 86016K, used 18445K [0x000000070b000000, 0x0000000800000000)
  region size 2048K, 1 young (2048K), 1 survivors (2048K)
 Metaspace       used 31688K, committed 32128K, reserved 1114112K
  class space    used 4150K, committed 4352K, reserved 1048576K
}
Event: 1,756 GC heap before
{Heap before GC invocations=8 (full 0):
 garbage-first heap   total 75776K, used 65549K [0x000000070b000000, 0x0000000800000000)
  region size 2048K, 25 young (51200K), 1 survivors (2048K)
 Metaspace       used 43997K, committed 44608K, reserved 1114112K
  class space    used 6045K, committed 6336K, reserved 1048576K
}
Event: 1,760 GC heap after
{Heap after GC invocations=9 (full 0):
 garbage-first heap   total 75776K, used 21918K [0x000000070b000000, 0x0000000800000000)
  region size 2048K, 3 young (6144K), 3 survivors (6144K)
 Metaspace       used 43997K, committed 44608K, reserved 1114112K
  class space    used 6045K, committed 6336K, reserved 1048576K
}

